[2023-09-05T10:42:15.587Z] info: GET /
[2023-09-05T10:42:15.588Z] info: 200 [object Object] bytes sent
[2023-09-05T10:43:15.130Z] info: GET /
[2023-09-05T10:43:15.132Z] info: 200 [object Object] bytes sent
[2023-09-05T10:43:54.007Z] info: GET /
[2023-09-05T10:43:54.008Z] info: 200 [object Object] bytes sent
[2023-09-05T10:46:12.445Z] info: GET /
[2023-09-05T10:46:12.445Z] info: 200
[2023-09-05T10:46:15.701Z] info: POST /
[2023-09-05T10:46:15.702Z] info: 200
[2023-09-05T10:54:19.616Z] info: Server is running on port 3000
[2023-09-05T10:54:27.329Z] info: Server is running on port 3000
[2023-09-05T10:54:48.939Z] info: POST /
[2023-09-05T10:57:16.888Z] info: Server is running on port 3000
[2023-09-05T10:58:05.905Z] info: Server is running on port 3000
[2023-09-05T10:59:27.310Z] info: Server is running on port 3000
[2023-09-05T10:59:33.022Z] info: POST /
[2023-09-06T13:58:29.726Z] info: Server is running on port 3000
[2023-09-06T13:58:30.479Z] info: Server is running on port 3000
[2023-09-06T13:58:42.077Z] info: GET /
[2023-09-06T13:58:53.841Z] info: GET /test
[2023-09-06T13:59:40.380Z] info: Server is running on port 3000
[2023-09-06T13:59:47.342Z] info: GET /test
[2023-09-06T14:00:25.961Z] info: Server is running on port 3000
