[2023-10-03 17:09:42:942] info: Server is running on port 3000
[2023-10-03 17:10:17:1017] info: Server is running on port 3000
[2023-10-03 17:10:27:1027] info: Server is running on port 3000
[2023-10-03 17:10:56:1056] info: Server is running on port 3000
[2023-10-03 17:12:50:1250] info: Server is running on port 3000
[2023-10-03 17:25:21:2521] info: Server is running on port 3000
[2023-10-03 17:26:07:267] info: Server is running on port 3000
[2023-10-03 17:34:41:3441] info: Server is running on port 3000
[2023-10-03 17:36:20:3620] info: Server is running on port 3000
[2023-10-03 17:36:21:3621] info: Server is running on port 3000
[2023-10-03 17:39:11:3911] info: Server is running on port 3000
[2023-10-03 17:39:35:3935] info: Server is running on port 3000
[2023-10-03 17:43:20:4320] info: Server is running on port 3000
[2023-10-03 17:43:28:4328] info: Server is running on port 3000
[2023-10-03 17:43:56:4356] info: Server is running on port 3000
[2023-10-03 17:44:32:4432] info: Server is running on port 3000
[2023-10-03 17:45:32:4532] info: Server is running on port 3000
[2023-10-03 17:46:44:4644] info: Server is running on port 3000
[2023-10-03 17:46:50:4650] info: Server is running on port 3000
[2023-10-03 17:48:12:4812] info: Server is running on port 3000
[2023-10-03 17:48:12:4812] info: Connected to database
[2023-10-03 17:48:49:4849] info: Server is running on port 3000
[2023-10-03 17:48:49:4849] info: Connected to database
[2023-10-03 17:51:18:5118] info: Server is running on port 3000
[2023-10-03 17:51:18:5118] info: Connected to database
[2023-10-03 17:53:09:539] info: Server is running on port 3000
[2023-10-03 17:53:09:539] info: Connected to database
[2023-10-03 17:53:25:5325] info: Server is running on port 3000
[2023-10-03 17:53:25:5325] info: Connected to database
[2023-10-03 17:54:36:5436] info: Server is running on port 3000
[2023-10-03 17:54:36:5436] info: Connected to database
[2023-10-03 17:54:46:5446] info: Server is running on port 3000
[2023-10-03 17:54:46:5446] info: Connected to database
[2023-10-03 17:55:07:557] info: Server is running on port 3000
[2023-10-03 17:55:07:557] info: Connected to database
[2023-10-03 17:55:22:5522] info: Server is running on port 3000
[2023-10-03 17:55:22:5522] info: Connected to database
[2023-10-03 17:55:46:5546] info: Server is running on port 3000
[2023-10-03 17:55:46:5546] info: Connected to database
[2023-10-03 17:56:15:5615] info: Server is running on port 3000
[2023-10-03 17:56:15:5615] info: Connected to database
[2023-10-03 17:58:49:5849] info: Server is running on port 3000
[2023-10-03 17:58:49:5849] info: Connected to database
[2023-10-03 17:59:29:5929] info: Server is running on port 3000
[2023-10-03 17:59:29:5929] info: Connected to database
[2023-10-03 18:00:51:051] info: Server is running on port 3000
[2023-10-03 18:00:51:051] info: Connected to database
[2023-10-03 18:01:01:11] info: Server is running on port 3000
[2023-10-03 18:01:01:11] info: Connected to database
[2023-10-03 18:01:20:120] info: Server is running on port 3000
[2023-10-03 18:01:20:120] info: Connected to database
[2023-10-03 18:01:36:136] info: Server is running on port 3000
[2023-10-03 18:01:36:136] info: Connected to database
[2023-10-03 18:01:46:146] info: Server is running on port 3000
[2023-10-03 18:01:46:146] info: Connected to database
[2023-10-03 18:02:21:221] info: Server is running on port 3000
[2023-10-03 18:02:21:221] info: Connected to database
[2023-10-03 18:03:32:332] info: Server is running on port 3000
[2023-10-03 18:03:32:332] info: Connected to database
[2023-10-03 18:04:41:441] info: Server is running on port 3000
[2023-10-03 18:04:41:441] info: Connected to database
[2023-10-04 10:07:40:740] info: Server is running on port 3000
[2023-10-04 10:07:40:740] info: Connected to database
[2023-10-04 10:07:41:741] info: Server is running on port 3000
[2023-10-04 10:07:41:741] info: Connected to database
[2023-10-04 10:07:56:756] info: Server is running on port 3000
[2023-10-04 10:07:56:756] info: Connected to database
[2023-10-04 10:10:00:100] info: Server is running on port 3000
[2023-10-04 10:10:00:100] info: Connected to database
[2023-10-04 10:10:31:1031] info: Server is running on port 3000
[2023-10-04 10:10:31:1031] info: Connected to database
[2023-10-04 10:12:08:128] info: Server is running on port 3000
[2023-10-04 10:12:08:128] info: Connected to database
[2023-10-04 10:15:10:1510] info: Server is running on port 3000
[2023-10-04 10:15:10:1510] info: Connected to database
[2023-10-04 10:15:41:1541] info: Server is running on port 3000
[2023-10-04 10:15:41:1541] info: Connected to database
[2023-10-04 10:16:42:1642] info: Server is running on port 3000
[2023-10-04 10:16:42:1642] info: Connected to database
[2023-10-04 10:19:46:1946] info: Server is running on port 3000
[2023-10-04 10:19:46:1946] info: Connected to database
[2023-10-04 10:19:53:1953] info: Server is running on port 3000
[2023-10-04 10:19:53:1953] info: Connected to database
[2023-10-04 10:21:43:2143] info: Server is running on port 3000
[2023-10-04 10:21:43:2143] info: Connected to database
[2023-10-04 10:22:01:221] info: Server is running on port 3000
[2023-10-04 10:22:01:221] info: Connected to database
[2023-10-04 10:23:32:2332] info: Server is running on port 3000
[2023-10-04 10:23:32:2332] info: Connected to database
[2023-10-04 10:24:53:2453] info: Server is running on port 3000
[2023-10-04 10:24:53:2453] info: Connected to database
[2023-10-04 10:25:43:2543] info: Server is running on port 3000
[2023-10-04 10:25:43:2543] info: Connected to database
[2023-10-04 10:27:27:2727] info: Server is running on port 3000
[2023-10-04 10:27:27:2727] info: Connected to database
[2023-10-04 10:31:29:3129] info: [::1] Started GET /
[2023-10-04 10:31:29:3129] info: [::1] Completed GET / 200 23 in 2.126 ms
[2023-10-04 10:31:46:3146] info: [::1] Started POST /api/sign-up
[2023-10-04 10:31:46:3146] error: [::1] Completed POST /api/sign-up 404 151 in 1.091 ms
[2023-10-04 10:34:40:3440] info: Server is running on port 3000
[2023-10-04 10:34:40:3440] info: Connected to database
[2023-10-04 10:34:42:3442] info: Server is running on port 3000
[2023-10-04 10:34:42:3442] info: Connected to database
[2023-10-04 10:35:12:3512] info: Server is running on port 3000
[2023-10-04 10:35:12:3512] info: Connected to database
[2023-10-04 10:35:55:3555] info: Server is running on port 3000
[2023-10-04 10:35:55:3555] info: Connected to database
[2023-10-04 10:36:09:369] info: [::1] Started POST /api/auth/sign-up
[2023-10-04 10:36:09:369] info: [::1] Completed POST /api/auth/sign-up - - in - ms
[2023-10-04 10:36:15:3615] info: Server is running on port 3000
[2023-10-04 10:36:15:3615] info: Connected to database
[2023-10-04 10:36:59:3659] info: Server is running on port 3000
[2023-10-04 10:36:59:3659] info: Connected to database
[2023-10-04 10:37:03:373] info: [::1] Started POST /api/auth/sign-up
[2023-10-04 10:37:03:373] error: [::1] Completed POST /api/auth/sign-up 500 64 in 5.520 ms
[2023-10-04 10:38:47:3847] info: Server is running on port 3000
[2023-10-04 10:38:47:3847] info: Connected to database
[2023-10-04 10:38:55:3855] info: Server is running on port 3000
[2023-10-04 10:38:55:3855] info: Connected to database
[2023-10-04 10:38:58:3858] info: [::1] Started POST /api/auth/sign-up
[2023-10-04 10:38:58:3858] error: [::1] Completed POST /api/auth/sign-up 500 64 in 5.296 ms
[2023-10-04 10:58:21:5821] info: Server is running on port 3000
[2023-10-04 10:58:21:5821] info: Connected to database
[2023-10-04 10:58:51:5851] info: Server is running on port 3000
[2023-10-04 10:58:51:5851] info: Connected to database
[2023-10-04 10:59:13:5913] info: Server is running on port 3000
[2023-10-04 10:59:13:5913] info: Connected to database
[2023-10-04 10:59:45:5945] info: Server is running on port 3000
[2023-10-04 10:59:45:5945] info: Connected to database
[2023-10-04 10:59:53:5953] info: Server is running on port 3000
[2023-10-04 10:59:53:5953] info: Connected to database
[2023-10-04 11:00:11:011] info: Server is running on port 3000
[2023-10-04 11:00:11:011] info: Connected to database
[2023-10-04 11:01:22:122] info: Server is running on port 3000
[2023-10-04 11:01:22:122] info: Connected to database
[2023-10-04 11:01:39:139] info: Server is running on port 3000
[2023-10-04 11:01:39:139] info: Connected to database
[2023-10-04 11:01:48:148] info: Server is running on port 3000
[2023-10-04 11:01:48:148] info: Connected to database
[2023-10-04 11:02:44:244] info: Server is running on port 3000
[2023-10-04 11:02:44:244] info: Connected to database
[2023-10-04 11:02:58:258] info: Server is running on port 3000
[2023-10-04 11:02:58:258] info: Connected to database
[2023-10-04 11:03:43:343] info: Server is running on port 3000
[2023-10-04 11:03:43:343] info: Connected to database
[2023-10-04 11:03:55:355] info: Server is running on port 3000
[2023-10-04 11:03:55:355] info: Connected to database
[2023-10-04 11:04:20:420] info: Server is running on port 3000
[2023-10-04 11:04:20:420] info: Connected to database
[2023-10-04 11:05:39:539] info: Server is running on port 3000
[2023-10-04 11:05:39:539] info: Connected to database
[2023-10-04 11:06:32:632] info: Server is running on port 3000
[2023-10-04 11:06:32:632] info: Connected to database
[2023-10-04 11:07:05:75] info: Server is running on port 3000
[2023-10-04 11:07:05:75] info: Connected to database
[2023-10-04 11:07:18:718] info: Server is running on port 3000
[2023-10-04 11:07:18:718] info: Connected to database
[2023-10-04 11:07:24:724] info: Server is running on port 3000
[2023-10-04 11:07:24:724] info: Connected to database
[2023-10-04 11:07:25:725] info: Server is running on port 3000
[2023-10-04 11:07:25:725] info: Connected to database
[2023-10-04 11:14:47:1447] info: Server is running on port 3000
[2023-10-04 11:14:47:1447] info: Connected to database
[2023-10-04 11:17:34:1734] info: Server is running on port 3000
[2023-10-04 11:17:34:1734] info: Connected to database
[2023-10-04 11:17:43:1743] info: Server is running on port 3000
[2023-10-04 11:17:43:1743] info: Connected to database
[2023-10-04 11:18:06:186] info: Server is running on port 3000
[2023-10-04 11:18:06:186] info: Connected to database
[2023-10-04 11:18:15:1815] info: Server is running on port 3000
[2023-10-04 11:18:15:1815] info: Connected to database
[2023-10-04 11:18:36:1836] info: Server is running on port 3000
[2023-10-04 11:18:36:1836] info: Connected to database
[2023-10-04 11:18:39:1839] info: Server is running on port 3000
[2023-10-04 11:18:39:1839] info: Connected to database
[2023-10-04 11:18:44:1844] info: Server is running on port 3000
[2023-10-04 11:18:44:1844] info: Connected to database
[2023-10-04 11:19:18:1918] info: Server is running on port 3000
[2023-10-04 11:19:18:1918] info: Connected to database
[2023-10-04 11:20:02:202] info: Server is running on port 3000
[2023-10-04 11:20:02:202] info: Connected to database
[2023-10-04 11:20:42:2042] info: Server is running on port 3000
[2023-10-04 11:20:42:2042] info: Connected to database
[2023-10-04 11:20:55:2055] info: Server is running on port 3000
[2023-10-04 11:20:55:2055] info: Connected to database
[2023-10-04 11:21:03:213] info: Server is running on port 3000
[2023-10-04 11:21:03:213] info: Connected to database
[2023-10-04 11:21:58:2158] info: Server is running on port 3000
[2023-10-04 11:21:58:2158] info: Connected to database
[2023-10-04 11:22:46:2246] info: Server is running on port 3000
[2023-10-04 11:22:46:2246] info: Connected to database
[2023-10-04 11:22:47:2247] info: Server is running on port 3000
[2023-10-04 11:22:47:2247] info: Connected to database
[2023-10-04 11:23:38:2338] info: Server is running on port 3000
[2023-10-04 11:23:38:2338] info: Connected to database
[2023-10-04 11:25:47:2547] info: Server is running on port 3000
[2023-10-04 11:25:47:2547] info: Connected to database
[2023-10-04 11:25:52:2552] info: Server is running on port 3000
[2023-10-04 11:25:52:2552] info: Connected to database
[2023-10-04 11:26:26:2626] info: Server is running on port 3000
[2023-10-04 11:26:26:2626] info: Connected to database
[2023-10-04 11:28:28:2828] info: Server is running on port 3000
[2023-10-04 11:28:28:2828] info: Connected to database
[2023-10-04 11:28:56:2856] info: Server is running on port 3000
[2023-10-04 11:28:56:2856] info: Connected to database
[2023-10-04 11:29:34:2934] info: Server is running on port 3000
[2023-10-04 11:29:34:2934] info: Connected to database
[2023-10-04 11:29:41:2941] info: Server is running on port 3000
[2023-10-04 11:29:41:2941] info: Connected to database
[2023-10-04 11:30:17:3017] info: Server is running on port 3000
[2023-10-04 11:30:17:3017] info: Connected to database
[2023-10-04 11:31:22:3122] info: Server is running on port 3000
[2023-10-04 11:31:22:3122] info: Connected to database
[2023-10-04 11:31:46:3146] info: Server is running on port 3000
[2023-10-04 11:31:46:3146] info: Connected to database
[2023-10-04 11:32:14:3214] info: Server is running on port 3000
[2023-10-04 11:32:14:3214] info: Connected to database
[2023-10-04 11:32:26:3226] info: Server is running on port 3000
[2023-10-04 11:32:26:3226] info: Connected to database
[2023-10-04 11:33:43:3343] info: Server is running on port 3000
[2023-10-04 11:33:43:3343] info: Connected to database
[2023-10-04 11:34:35:3435] info: Server is running on port 3000
[2023-10-04 11:34:35:3435] info: Connected to database
[2023-10-04 11:34:54:3454] info: Server is running on port 3000
[2023-10-04 11:34:54:3454] info: Connected to database
[2023-10-04 11:35:32:3532] info: Server is running on port 3000
[2023-10-04 11:35:32:3532] info: Connected to database
[2023-10-04 11:36:03:363] info: Server is running on port 3000
[2023-10-04 11:36:03:363] info: Connected to database
[2023-10-04 11:37:38:3738] info: Server is running on port 3000
[2023-10-04 11:37:38:3738] info: Connected to database
[2023-10-04 11:37:44:3744] info: Server is running on port 3000
[2023-10-04 11:37:44:3744] info: Connected to database
[2023-10-04 11:37:47:3747] info: Server is running on port 3000
[2023-10-04 11:37:47:3747] info: Connected to database
[2023-10-04 11:38:39:3839] info: Server is running on port 3000
[2023-10-04 11:38:39:3839] info: Connected to database
[2023-10-04 11:39:11:3911] info: Server is running on port 3000
[2023-10-04 11:39:11:3911] info: Connected to database
[2023-10-04 11:39:44:3944] info: Server is running on port 3000
[2023-10-04 11:39:44:3944] info: Connected to database
[2023-10-04 11:40:04:404] info: Server is running on port 3000
[2023-10-04 11:40:04:404] info: Connected to database
[2023-10-04 11:41:19:4119] info: Server is running on port 3000
[2023-10-04 11:41:19:4119] info: Connected to database
[2023-10-04 11:41:47:4147] info: Server is running on port 3000
[2023-10-04 11:41:47:4147] info: Connected to database
[2023-10-04 11:42:19:4219] info: Server is running on port 3000
[2023-10-04 11:42:19:4219] info: Connected to database
[2023-10-04 11:42:39:4239] info: Server is running on port 3000
[2023-10-04 11:42:39:4239] info: Connected to database
[2023-10-04 11:43:04:434] info: Server is running on port 3000
[2023-10-04 11:43:04:434] info: Connected to database
[2023-10-04 11:43:12:4312] info: Server is running on port 3000
[2023-10-04 11:43:12:4312] info: Connected to database
[2023-10-04 11:43:33:4333] info: Server is running on port 3000
[2023-10-04 11:43:33:4333] info: Connected to database
[2023-10-04 11:43:46:4346] info: Server is running on port 3000
[2023-10-04 11:43:46:4346] info: Connected to database
[2023-10-04 11:44:13:4413] info: Server is running on port 3000
[2023-10-04 11:44:13:4413] info: Connected to database
[2023-10-04 11:44:44:4444] info: Server is running on port 3000
[2023-10-04 11:44:44:4444] info: Connected to database
[2023-10-04 11:47:08:478] info: Server is running on port 3000
[2023-10-04 11:47:08:478] info: Connected to database
[2023-10-04 11:47:21:4721] info: Server is running on port 3000
[2023-10-04 11:47:21:4721] info: Connected to database
[2023-10-04 11:48:12:4812] info: Server is running on port 3000
[2023-10-04 11:48:12:4812] info: Connected to database
[2023-10-04 11:48:59:4859] info: Server is running on port 3000
[2023-10-04 11:48:59:4859] info: Connected to database
[2023-10-04 11:49:38:4938] info: [::1] Started POST /api/auth/sign-up
[2023-10-04 11:49:38:4938] info: [::1] Completed POST /api/auth/sign-up - - in - ms
[2023-10-04 11:49:57:4957] info: Server is running on port 3000
[2023-10-04 11:49:57:4957] info: Connected to database
[2023-10-04 11:50:40:5040] info: [::1] Started POST /api/auth/sign-up
[2023-10-04 11:50:40:5040] info: [::1] Completed POST /api/auth/sign-up - - in - ms
[2023-10-04 11:51:49:5149] info: Server is running on port 3000
[2023-10-04 11:51:49:5149] info: Connected to database
[2023-10-04 11:52:24:5224] info: Server is running on port 3000
[2023-10-04 11:52:24:5224] info: Connected to database
[2023-10-04 11:58:33:5833] info: Server is running on port 3000
[2023-10-04 11:58:33:5833] info: Connected to database
[2023-10-04 11:58:34:5834] info: Server is running on port 3000
[2023-10-04 11:58:34:5834] info: Connected to database
[2023-10-04 11:58:40:5840] info: [::1] Started POST /api/auth/sign-up
[2023-10-04 11:58:40:5840] info: [::1] Completed POST /api/auth/sign-up 201 58 in 87.232 ms
[2023-10-04 11:59:26:5926] info: Server is running on port 3000
[2023-10-04 11:59:26:5926] info: Connected to database
[2023-10-04 11:59:33:5933] info: [::1] Started POST /api/auth/sign-up
[2023-10-04 11:59:33:5933] error: [::1] Completed POST /api/auth/sign-up 400 50 in 5.897 ms
[2023-10-04 12:00:05:05] info: Server is running on port 3000
[2023-10-04 12:00:05:05] info: Connected to database
[2023-10-04 12:00:12:012] info: [::1] Started POST /api/auth/sign-up
[2023-10-04 12:00:12:012] info: [::1] Completed POST /api/auth/sign-up 201 277 in 84.550 ms
[2023-10-04 12:00:42:042] info: Server is running on port 3000
[2023-10-04 12:00:42:042] info: Connected to database
[2023-10-04 12:03:17:317] info: Server is running on port 3000
[2023-10-04 12:03:17:317] info: Connected to database
[2023-10-04 12:03:28:328] info: [::1] Started POST /api/auth/sign-up
[2023-10-04 12:03:28:328] info: [::1] Completed POST /api/auth/sign-up 201 1246 in 165.226 ms
[2023-10-04 12:04:49:449] info: Server is running on port 3000
[2023-10-04 12:04:49:449] info: Connected to database
[2023-10-04 12:04:56:456] info: Server is running on port 3000
[2023-10-04 12:04:57:457] info: Connected to database
[2023-10-04 12:05:33:533] info: [::1] Started POST /api/auth/sign-up
[2023-10-04 12:05:33:533] info: [::1] Completed POST /api/auth/sign-up 201 1246 in 165.116 ms
[2023-10-04 12:09:04:94] info: Server is running on port 3000
[2023-10-04 12:09:04:94] info: Connected to database
[2023-10-04 12:09:25:925] info: [::1] Started POST /api/auth/sign-up
[2023-10-04 12:09:25:925] info: [::1] Completed POST /api/auth/sign-up 201 1094 in 176.628 ms
[2023-10-04 12:10:21:1021] info: Server is running on port 3000
[2023-10-04 12:10:21:1021] info: Connected to database
[2023-10-04 12:10:29:1029] info: Server is running on port 3000
[2023-10-04 12:10:29:1029] info: Connected to database
[2023-10-04 12:11:14:1114] info: Server is running on port 3000
[2023-10-04 12:11:14:1114] info: Connected to database
[2023-10-04 12:11:21:1121] info: Server is running on port 3000
[2023-10-04 12:11:21:1121] info: Connected to database
[2023-10-04 12:11:43:1143] info: Server is running on port 3000
[2023-10-04 12:11:43:1143] info: Connected to database
[2023-10-04 12:12:14:1214] info: [::1] Started POST /api/auth/sign-up
[2023-10-04 12:12:14:1214] info: [::1] Completed POST /api/auth/sign-up 201 1142 in 159.949 ms
[2023-10-04 12:16:47:1647] info: Server is running on port 3000
[2023-10-04 12:16:47:1647] info: Connected to database
[2023-10-04 12:17:49:1749] info: [::1] Started POST /api/auth/sign-in
[2023-10-04 12:17:49:1749] info: [::1] Completed POST /api/auth/sign-in 200 1296 in 148.993 ms
[2023-10-04 12:18:12:1812] info: Server is running on port 3000
[2023-10-04 12:18:12:1812] info: Connected to database
[2023-10-04 12:18:16:1816] info: [::1] Started POST /api/auth/sign-in
[2023-10-04 12:18:16:1816] info: [::1] Completed POST /api/auth/sign-in 200 1144 in 170.681 ms
[2023-10-04 12:18:34:1834] info: [::1] Started POST /api/auth/sign-in
[2023-10-04 12:18:34:1834] error: [::1] Completed POST /api/auth/sign-in 401 50 in 1.828 ms
[2023-10-04 12:18:42:1842] info: [::1] Started POST /api/auth/sign-in
[2023-10-04 12:18:42:1842] info: [::1] Completed POST /api/auth/sign-in 200 1144 in 138.672 ms
[2023-10-04 12:18:46:1846] info: [::1] Started POST /api/auth/sign-in
[2023-10-04 12:18:46:1846] error: [::1] Completed POST /api/auth/sign-in 401 50 in 71.364 ms
[2023-10-04 12:18:51:1851] info: [::1] Started POST /api/auth/sign-in
[2023-10-04 12:18:51:1851] info: [::1] Completed POST /api/auth/sign-in 200 1144 in 141.463 ms
[2023-10-04 12:19:07:197] info: [::1] Started POST /api/auth/sign-in
[2023-10-04 12:19:07:197] error: [::1] Completed POST /api/auth/sign-in 401 50 in 2.587 ms
[2023-10-04 12:19:11:1911] info: [::1] Started POST /api/auth/sign-in
[2023-10-04 12:19:11:1911] info: [::1] Completed POST /api/auth/sign-in 200 1144 in 140.397 ms
[2023-10-04 12:23:28:2328] info: Server is running on port 3000
[2023-10-04 12:23:28:2328] info: Connected to database
[2023-10-04 12:23:35:2335] info: [::1] Started GET /api/auth/sign-out
[2023-10-04 12:23:35:2335] error: [::1] Completed GET /api/auth/sign-out 401 55 in 1.252 ms
[2023-10-04 12:23:53:2353] info: [::1] Started GET /api/auth/sign-out
[2023-10-04 12:23:53:2353] info: [::1] Completed GET /api/auth/sign-out 200 61 in 10.941 ms
[2023-10-04 12:24:39:2439] info: Server is running on port 3000
[2023-10-04 12:24:39:2439] info: Connected to database
[2023-10-04 12:25:23:2523] info: Server is running on port 3000
[2023-10-04 12:25:23:2523] info: Connected to database
[2023-10-04 12:25:52:2552] info: [::1] Started GET /api/auth/current-user
[2023-10-04 12:25:52:2552] error: [::1] Completed GET /api/auth/current-user 404 45 in 9.499 ms
[2023-10-04 12:26:01:261] info: [::1] Started POST /api/auth/sign-in
[2023-10-04 12:26:01:261] info: [::1] Completed POST /api/auth/sign-in 200 1144 in 147.386 ms
[2023-10-04 12:26:20:2620] info: [::1] Started GET /api/auth/current-user
[2023-10-04 12:26:20:2620] error: [::1] Completed GET /api/auth/current-user 404 45 in 2.560 ms
[2023-10-04 12:26:25:2625] info: [::1] Started GET /api/auth/current-user
[2023-10-04 12:26:25:2625] error: [::1] Completed GET /api/auth/current-user 404 45 in 3.325 ms
[2023-10-04 12:26:45:2645] info: Server is running on port 3000
[2023-10-04 12:26:45:2645] info: Connected to database
[2023-10-04 12:26:48:2648] info: [::1] Started GET /api/auth/current-user
[2023-10-04 12:26:48:2648] info: [::1] Completed GET /api/auth/current-user 200 294 in 10.455 ms
[2023-10-04 12:26:53:2653] info: [::1] Started GET /api/auth/sign-out
[2023-10-04 12:26:53:2653] info: [::1] Completed GET /api/auth/sign-out 200 61 in 6.515 ms
[2023-10-04 12:26:55:2655] info: [::1] Started GET /api/auth/sign-out
[2023-10-04 12:26:55:2655] info: [::1] Completed GET /api/auth/sign-out 200 61 in 5.470 ms
[2023-10-04 12:26:59:2659] info: [::1] Started GET /api/auth/current-user
[2023-10-04 12:26:59:2659] info: [::1] Completed GET /api/auth/current-user 200 236 in 3.051 ms
[2023-10-04 12:27:13:2713] info: Server is running on port 3000
[2023-10-04 12:27:13:2713] info: Connected to database
[2023-10-04 12:27:16:2716] info: [::1] Started GET /api/auth/current-user
[2023-10-04 12:27:16:2716] info: [::1] Completed GET /api/auth/current-user 200 236 in 9.542 ms
[2023-10-04 12:27:18:2718] info: [::1] Started GET /api/auth/current-user
[2023-10-04 12:27:18:2718] info: [::1] Completed GET /api/auth/current-user 200 236 in 4.063 ms
[2023-10-04 12:27:26:2726] info: [::1] Started GET /api/auth/current-user
[2023-10-04 12:27:26:2726] info: [::1] Completed GET /api/auth/current-user 200 236 in 4.073 ms
[2023-10-04 12:27:31:2731] info: [::1] Started POST /api/auth/sign-in
[2023-10-04 12:27:31:2731] info: [::1] Completed POST /api/auth/sign-in 200 1144 in 154.846 ms
[2023-10-04 12:27:41:2741] info: [::1] Started GET /api/auth/current-user
[2023-10-04 12:27:41:2741] info: [::1] Completed GET /api/auth/current-user 200 294 in 2.367 ms
[2023-10-04 12:27:42:2742] info: [::1] Started GET /api/auth/current-user
[2023-10-04 12:27:42:2742] info: [::1] Completed GET /api/auth/current-user 200 294 in 4.784 ms
[2023-10-04 12:28:05:285] info: [::1] Started GET /api/auth/sign-out
[2023-10-04 12:28:05:285] info: [::1] Completed GET /api/auth/sign-out 200 61 in 5.403 ms
[2023-10-04 12:28:06:286] info: [::1] Started GET /api/auth/sign-out
[2023-10-04 12:28:06:286] info: [::1] Completed GET /api/auth/sign-out 200 61 in 7.080 ms
[2023-10-04 12:30:14:3014] info: Server is running on port 3000
[2023-10-04 12:30:14:3014] info: Connected to database
[2023-10-04 12:30:43:3043] info: [::1] Started GET /api/auth/admin-route
[2023-10-04 12:30:43:3043] error: [::1] Completed GET /api/auth/admin-route 403 69 in 7.958 ms
[2023-10-04 12:30:58:3058] info: [::1] Started GET /api/auth/owner-route
[2023-10-04 12:30:58:3058] error: [::1] Completed GET /api/auth/owner-route 403 69 in 2.255 ms
[2023-10-04 12:31:05:315] info: [::1] Started GET /api/auth/supervisor-route
[2023-10-04 12:31:05:315] error: [::1] Completed GET /api/auth/supervisor-route 403 69 in 2.014 ms
[2023-10-04 12:31:14:3114] info: [::1] Started GET /api/auth/member-route
[2023-10-04 12:31:14:3114] info: [::1] Completed GET /api/auth/member-route 200 238 in 3.064 ms
[2023-10-04 12:31:24:3124] info: [::1] Started GET /api/auth/supervisor-route
[2023-10-04 12:31:24:3124] error: [::1] Completed GET /api/auth/supervisor-route 403 69 in 3.811 ms
[2023-10-04 12:31:57:3157] info: [::1] Started POST /api/auth/sign-in
[2023-10-04 12:31:57:3157] error: [::1] Completed POST /api/auth/sign-in 401 50 in 1.614 ms
[2023-10-04 12:32:06:326] info: [::1] Started POST /api/auth/sign-up
[2023-10-04 12:32:06:326] info: [::1] Completed POST /api/auth/sign-up 201 1142 in 155.473 ms
[2023-10-04 12:32:34:3234] info: [::1] Started POST /api/auth/sign-up
[2023-10-04 12:32:34:3234] info: [::1] Completed POST /api/auth/sign-up 201 1146 in 149.155 ms
[2023-10-04 12:32:49:3249] info: [::1] Started GET /api/auth/supervisor-route
[2023-10-04 12:32:49:3249] info: [::1] Completed GET /api/auth/supervisor-route 200 299 in 2.904 ms
[2023-10-04 12:33:02:332] info: Server is running on port 3000
[2023-10-04 12:33:02:332] info: Connected to database
[2023-10-04 12:33:05:335] info: [::1] Started GET /api/auth/supervisor-route
[2023-10-04 12:33:05:335] info: [::1] Completed GET /api/auth/supervisor-route 200 304 in 10.195 ms
[2023-10-04 12:33:15:3315] info: [::1] Started GET /api/auth/member-route
[2023-10-04 12:33:15:3315] info: [::1] Completed GET /api/auth/member-route 200 300 in 3.006 ms
[2023-10-04 12:33:24:3324] info: [::1] Started GET /api/auth/owner-route
[2023-10-04 12:33:24:3324] error: [::1] Completed GET /api/auth/owner-route 403 69 in 3.065 ms
[2023-10-04 12:33:39:3339] info: [::1] Started POST /api/auth/sign-up
[2023-10-04 12:33:39:3339] info: [::1] Completed POST /api/auth/sign-up 201 1141 in 154.085 ms
[2023-10-04 12:33:49:3349] info: [::1] Started GET /api/auth/owner-route
[2023-10-04 12:33:49:3349] info: [::1] Completed GET /api/auth/owner-route 200 294 in 2.722 ms
[2023-10-04 12:34:00:340] info: [::1] Started GET /api/auth/admin-route
[2023-10-04 12:34:00:340] error: [::1] Completed GET /api/auth/admin-route 403 69 in 3.314 ms
[2023-10-04 12:34:08:348] info: [::1] Started GET /api/auth/supervisor-route
[2023-10-04 12:34:08:348] info: [::1] Completed GET /api/auth/supervisor-route 200 299 in 3.385 ms
[2023-10-04 12:34:16:3416] info: [::1] Started GET /api/auth/member-route
[2023-10-04 12:34:16:3416] info: [::1] Completed GET /api/auth/member-route 200 295 in 1.791 ms
[2023-10-04 12:34:39:3439] info: [::1] Started POST /api/auth/sign-up
[2023-10-04 12:34:39:3439] error: [::1] Completed POST /api/auth/sign-up 500 75 in 70.486 ms
[2023-10-04 12:34:49:3449] info: [::1] Started POST /api/auth/sign-up
[2023-10-04 12:34:49:3449] info: [::1] Completed POST /api/auth/sign-up 201 1143 in 146.885 ms
[2023-10-04 12:35:02:352] info: [::1] Started GET /api/auth/member-route
[2023-10-04 12:35:02:352] info: [::1] Completed GET /api/auth/member-route 200 297 in 4.169 ms
[2023-10-04 12:35:14:3514] info: [::1] Started GET /api/auth/supervisor-route
[2023-10-04 12:35:14:3514] info: [::1] Completed GET /api/auth/supervisor-route 200 301 in 2.193 ms
[2023-10-04 12:35:20:3520] info: [::1] Started GET /api/auth/owner-route
[2023-10-04 12:35:20:3520] info: [::1] Completed GET /api/auth/owner-route 200 296 in 3.160 ms
[2023-10-04 12:35:27:3527] info: [::1] Started GET /api/auth/admin-route
[2023-10-04 12:35:27:3527] info: [::1] Completed GET /api/auth/admin-route 200 296 in 2.891 ms
[2023-10-04 12:37:36:3736] info: Server is running on port 3000
[2023-10-04 12:37:36:3736] info: Connected to database
[2023-10-04 12:38:40:3840] info: Server is running on port 3000
[2023-10-04 12:38:41:3841] info: Connected to database
[2023-10-04 12:39:06:396] info: Server is running on port 3000
[2023-10-04 12:39:06:396] info: Connected to database
[2023-10-04 12:39:36:3936] info: Server is running on port 3000
[2023-10-04 12:39:36:3936] info: Connected to database
[2023-10-04 12:39:46:3946] info: Server is running on port 3000
[2023-10-04 12:39:46:3946] info: Connected to database
[2023-10-04 12:40:36:4036] info: Server is running on port 3000
[2023-10-04 12:40:36:4036] info: Connected to database
[2023-10-04 12:41:26:4126] error: invalid signature
[2023-10-04 12:41:26:4126] info: [::1] Started GET /api/auth/refresh-token
[2023-10-04 12:41:26:4126] error: [::1] Completed GET /api/auth/refresh-token 401 52 in 3.560 ms
[2023-10-04 12:41:43:4143] info: [::1] Started GET /api/auth/current-user
[2023-10-04 12:41:43:4143] info: [::1] Completed GET /api/auth/current-user 200 236 in 8.912 ms
[2023-10-04 12:41:49:4149] info: [::1] Started GET /api/auth/current-user
[2023-10-04 12:41:49:4149] info: [::1] Completed GET /api/auth/current-user 200 236 in 3.141 ms
[2023-10-04 12:41:56:4156] info: [::1] Started GET /api/auth/refresh-token
[2023-10-04 12:41:56:4156] info: [::1] Completed GET /api/auth/refresh-token 200 981 in 155.859 ms
[2023-10-04 12:42:21:4221] info: [::1] Started GET /api/auth/current-user
[2023-10-04 12:42:21:4221] info: [::1] Completed GET /api/auth/current-user 200 236 in 2.736 ms
[2023-10-04 12:42:39:4239] info: [::1] Started GET /api/auth/current-user
[2023-10-04 12:42:39:4239] info: [::1] Completed GET /api/auth/current-user 200 295 in 3.262 ms
[2023-10-04 12:42:52:4252] info: [::1] Started GET /api/auth/refresh-token
[2023-10-04 12:42:52:4252] error: [::1] Completed GET /api/auth/refresh-token 401 52 in 65.804 ms
